2020-09-06 12:03:53,522 :INFO :LogFeature.LogRecord :Clicked on sign in button
2020-09-06 12:04:01,011 :INFO :LogFeature.LogRecord :Mobile number entered in login box
2020-09-06 12:04:01,796 :INFO :LogFeature.LogRecord :Clicked on Continue button
2020-09-06 12:04:05,927 :INFO :LogFeature.LogRecord :Show password check box unselected
2020-09-06 12:04:07,499 :INFO :LogFeature.LogRecord :Password entered in password box
2020-09-06 12:04:08,758 :INFO :LogFeature.LogRecord :Clicked on Login button
2020-09-06 12:04:21,388 :INFO :LogFeature.LogRecord :clicked on Burger icon
2020-09-06 12:04:27,026 :INFO :LogFeature.LogRecord :Settings section selected from Menu
2020-09-06 12:04:31,311 :INFO :LogFeature.LogRecord :Clicked on SignOut button
2020-09-06 12:04:31,449 :INFO :LogFeature.LogRecord :SIGN OUT from Confirm Sign Out pop up
2020-09-06 12:04:37,395 :INFO :LogFeature.LogRecord :Redirected to Sign Up page
2020-09-06 12:04:37,524 :INFO :LogFeature.LogRecord :Clicked on sign in button
2020-09-06 12:04:37,524 :INFO :LogFeature.LogRecord :Clicked on sign in button
2020-09-06 12:04:41,453 :INFO :LogFeature.LogRecord :Mobile number entered in login box
2020-09-06 12:04:41,453 :INFO :LogFeature.LogRecord :Mobile number entered in login box
2020-09-06 12:04:42,173 :INFO :LogFeature.LogRecord :Clicked on Continue button
2020-09-06 12:04:42,173 :INFO :LogFeature.LogRecord :Clicked on Continue button
2020-09-06 12:04:46,108 :INFO :LogFeature.LogRecord :Show password check box unselected
2020-09-06 12:04:46,108 :INFO :LogFeature.LogRecord :Show password check box unselected
2020-09-06 12:04:47,368 :INFO :LogFeature.LogRecord :Password entered in password box
2020-09-06 12:04:47,368 :INFO :LogFeature.LogRecord :Password entered in password box
2020-09-06 12:04:48,075 :INFO :LogFeature.LogRecord :Clicked on Login button
2020-09-06 12:04:48,075 :INFO :LogFeature.LogRecord :Clicked on Login button
2020-09-06 12:04:56,869 :INFO :LogFeature.LogRecord :Clicked in serach box
2020-09-06 12:04:56,869 :INFO :LogFeature.LogRecord :Clicked in serach box
2020-09-06 12:04:57,685 :INFO :LogFeature.LogRecord :Entering product name[65-inch TV] in search box which we want to purchase
2020-09-06 12:04:57,685 :INFO :LogFeature.LogRecord :Entering product name[65-inch TV] in search box which we want to purchase
2020-09-06 12:04:59,420 :INFO :LogFeature.LogRecord :Below are the auto suggestive options
2020-09-06 12:04:59,420 :INFO :LogFeature.LogRecord :Below are the auto suggestive options
2020-09-06 12:04:59,441 :INFO :LogFeature.LogRecord :65-inch tv
2020-09-06 12:04:59,441 :INFO :LogFeature.LogRecord :65-inch tv
2020-09-06 12:04:59,487 :INFO :LogFeature.LogRecord :65-inch tv oled
2020-09-06 12:04:59,487 :INFO :LogFeature.LogRecord :65-inch tv oled
2020-09-06 12:04:59,507 :INFO :LogFeature.LogRecord :65-inch tv nokia
2020-09-06 12:04:59,507 :INFO :LogFeature.LogRecord :65-inch tv nokia
2020-09-06 12:04:59,543 :INFO :LogFeature.LogRecord :65-inch tv lg
2020-09-06 12:04:59,543 :INFO :LogFeature.LogRecord :65-inch tv lg
2020-09-06 12:04:59,596 :INFO :LogFeature.LogRecord :65-inch tv samsung
2020-09-06 12:04:59,596 :INFO :LogFeature.LogRecord :65-inch tv samsung
2020-09-06 12:05:03,363 :INFO :LogFeature.LogRecord :Selecting third suggested option
2020-09-06 12:05:03,363 :INFO :LogFeature.LogRecord :Selecting third suggested option
2020-09-06 12:05:04,307 :INFO :LogFeature.LogRecord :Selecting second TV product
2020-09-06 12:05:04,307 :INFO :LogFeature.LogRecord :Selecting second TV product
2020-09-06 12:05:35,039 :INFO :LogFeature.LogRecord :scrolling down for selecting by button
2020-09-06 12:05:35,039 :INFO :LogFeature.LogRecord :scrolling down for selecting by button
2020-09-06 12:05:36,110 :INFO :LogFeature.LogRecord :Clicked on By Now button
2020-09-06 12:05:36,110 :INFO :LogFeature.LogRecord :Clicked on By Now button
2020-09-06 12:05:45,536 :INFO :LogFeature.LogRecord :Redirected to Delivery options page
2020-09-06 12:05:45,536 :INFO :LogFeature.LogRecord :Redirected to Delivery options page
2020-09-06 12:05:46,189 :INFO :LogFeature.LogRecord : heading on Delivery options page was validated
2020-09-06 12:05:46,189 :INFO :LogFeature.LogRecord : heading on Delivery options page was validated
2020-09-06 12:05:46,189 :INFO :LogFeature.LogRecord :Choose your delivery options
2020-09-06 12:05:46,189 :INFO :LogFeature.LogRecord :Choose your delivery options
2020-09-06 12:05:46,786 :INFO :LogFeature.LogRecord :Continue button on Delivery options page was validated
2020-09-06 12:05:46,786 :INFO :LogFeature.LogRecord :Continue button on Delivery options page was validated
2020-09-06 12:05:46,786 :INFO :LogFeature.LogRecord :Continue
2020-09-06 12:05:46,786 :INFO :LogFeature.LogRecord :Continue
2020-09-06 12:09:59,471 :INFO :LogFeature.LogRecord :Clicked on sign in button
2020-09-06 12:10:06,312 :INFO :LogFeature.LogRecord :Mobile number entered in login box
2020-09-06 12:10:07,060 :INFO :LogFeature.LogRecord :Clicked on Continue button
2020-09-06 12:10:11,190 :INFO :LogFeature.LogRecord :Show password check box unselected
2020-09-06 12:10:12,682 :INFO :LogFeature.LogRecord :Password entered in password box
2020-09-06 12:10:13,395 :INFO :LogFeature.LogRecord :Clicked on Login button
2020-09-06 12:10:20,484 :INFO :LogFeature.LogRecord :clicked on Burger icon
2020-09-06 12:10:31,580 :INFO :LogFeature.LogRecord :Settings section selected from Menu
2020-09-06 12:10:35,398 :INFO :LogFeature.LogRecord :Clicked on SignOut button
2020-09-06 12:10:35,525 :INFO :LogFeature.LogRecord :SIGN OUT from Confirm Sign Out pop up
2020-09-06 12:10:41,365 :INFO :LogFeature.LogRecord :Redirected to Sign Up page
2020-09-06 12:10:41,473 :INFO :LogFeature.LogRecord :Clicked on sign in button
2020-09-06 12:10:41,473 :INFO :LogFeature.LogRecord :Clicked on sign in button
2020-09-06 12:10:47,270 :INFO :LogFeature.LogRecord :Mobile number entered in login box
2020-09-06 12:10:47,270 :INFO :LogFeature.LogRecord :Mobile number entered in login box
2020-09-06 12:10:48,034 :INFO :LogFeature.LogRecord :Clicked on Continue button
2020-09-06 12:10:48,034 :INFO :LogFeature.LogRecord :Clicked on Continue button
2020-09-06 12:10:51,595 :INFO :LogFeature.LogRecord :Show password check box unselected
2020-09-06 12:10:51,595 :INFO :LogFeature.LogRecord :Show password check box unselected
2020-09-06 12:10:52,861 :INFO :LogFeature.LogRecord :Password entered in password box
2020-09-06 12:10:52,861 :INFO :LogFeature.LogRecord :Password entered in password box
2020-09-06 12:10:53,559 :INFO :LogFeature.LogRecord :Clicked on Login button
2020-09-06 12:10:53,559 :INFO :LogFeature.LogRecord :Clicked on Login button
2020-09-06 12:11:06,376 :INFO :LogFeature.LogRecord :Clicked in serach box
2020-09-06 12:11:06,376 :INFO :LogFeature.LogRecord :Clicked in serach box
2020-09-06 12:11:09,262 :INFO :LogFeature.LogRecord :Entering product name[65-inch TV] in search box which we want to purchase
2020-09-06 12:11:09,262 :INFO :LogFeature.LogRecord :Entering product name[65-inch TV] in search box which we want to purchase
2020-09-06 12:11:11,593 :INFO :LogFeature.LogRecord :Below are the auto suggestive options
2020-09-06 12:11:11,593 :INFO :LogFeature.LogRecord :Below are the auto suggestive options
2020-09-06 12:11:11,614 :INFO :LogFeature.LogRecord :65-inch tv
2020-09-06 12:11:11,614 :INFO :LogFeature.LogRecord :65-inch tv
2020-09-06 12:11:11,673 :INFO :LogFeature.LogRecord :65-inch tv oled
2020-09-06 12:11:11,673 :INFO :LogFeature.LogRecord :65-inch tv oled
2020-09-06 12:11:11,716 :INFO :LogFeature.LogRecord :65-inch tv nokia
2020-09-06 12:11:11,716 :INFO :LogFeature.LogRecord :65-inch tv nokia
2020-09-06 12:11:11,774 :INFO :LogFeature.LogRecord :65-inch tv lg
2020-09-06 12:11:11,774 :INFO :LogFeature.LogRecord :65-inch tv lg
2020-09-06 12:11:11,816 :INFO :LogFeature.LogRecord :65-inch tv samsung
2020-09-06 12:11:11,816 :INFO :LogFeature.LogRecord :65-inch tv samsung
2020-09-06 12:11:12,669 :INFO :LogFeature.LogRecord :Selecting third suggested option
2020-09-06 12:11:12,669 :INFO :LogFeature.LogRecord :Selecting third suggested option
2020-09-06 12:11:15,395 :INFO :LogFeature.LogRecord :Selecting second TV product
2020-09-06 12:11:15,395 :INFO :LogFeature.LogRecord :Selecting second TV product
2020-09-06 12:11:36,451 :INFO :LogFeature.LogRecord :scrolling down for selecting by button
2020-09-06 12:11:36,451 :INFO :LogFeature.LogRecord :scrolling down for selecting by button
2020-09-06 12:11:37,540 :INFO :LogFeature.LogRecord :Clicked on By Now button
2020-09-06 12:11:37,540 :INFO :LogFeature.LogRecord :Clicked on By Now button
2020-09-06 12:11:46,680 :INFO :LogFeature.LogRecord :Redirected to Delivery options page
2020-09-06 12:11:46,680 :INFO :LogFeature.LogRecord :Redirected to Delivery options page
2020-09-06 12:11:47,371 :INFO :LogFeature.LogRecord : heading on Delivery options page was validated
2020-09-06 12:11:47,371 :INFO :LogFeature.LogRecord : heading on Delivery options page was validated
2020-09-06 12:11:47,371 :INFO :LogFeature.LogRecord :Choose your delivery options
2020-09-06 12:11:47,371 :INFO :LogFeature.LogRecord :Choose your delivery options
2020-09-06 12:11:47,976 :INFO :LogFeature.LogRecord :Continue button on Delivery options page was validated
2020-09-06 12:11:47,976 :INFO :LogFeature.LogRecord :Continue button on Delivery options page was validated
2020-09-06 12:11:47,976 :INFO :LogFeature.LogRecord :Continue
2020-09-06 12:11:47,976 :INFO :LogFeature.LogRecord :Continue
2020-09-06 20:01:16,162 :INFO :LogFeature.LogRecord :Clicked on sign in button
2020-09-06 20:01:16,162 :INFO :LogFeature.LogRecord :Clicked on sign in button
2020-09-06 20:01:21,023 :INFO :LogFeature.LogRecord :Mobile number entered in login box
2020-09-06 20:01:21,023 :INFO :LogFeature.LogRecord :Mobile number entered in login box
2020-09-06 20:01:21,981 :INFO :LogFeature.LogRecord :Clicked on Continue button
2020-09-06 20:01:21,981 :INFO :LogFeature.LogRecord :Clicked on Continue button
2020-09-06 20:01:25,960 :INFO :LogFeature.LogRecord :Show password check box unselected
2020-09-06 20:01:25,960 :INFO :LogFeature.LogRecord :Show password check box unselected
2020-09-06 20:01:27,453 :INFO :LogFeature.LogRecord :Password entered in password box
2020-09-06 20:01:27,453 :INFO :LogFeature.LogRecord :Password entered in password box
2020-09-06 20:01:28,171 :INFO :LogFeature.LogRecord :Clicked on Login button
2020-09-06 20:01:28,171 :INFO :LogFeature.LogRecord :Clicked on Login button
2020-09-06 20:01:38,673 :INFO :LogFeature.LogRecord :Clicked in serach box
2020-09-06 20:01:38,673 :INFO :LogFeature.LogRecord :Clicked in serach box
2020-09-06 20:01:39,535 :INFO :LogFeature.LogRecord :Entering product name[65-inch TV] in search box which we want to purchase
2020-09-06 20:01:39,535 :INFO :LogFeature.LogRecord :Entering product name[65-inch TV] in search box which we want to purchase
2020-09-06 20:01:41,282 :INFO :LogFeature.LogRecord :Below are the auto suggestive options
2020-09-06 20:01:41,282 :INFO :LogFeature.LogRecord :Below are the auto suggestive options
2020-09-06 20:01:41,313 :INFO :LogFeature.LogRecord :65-inch tv
2020-09-06 20:01:41,313 :INFO :LogFeature.LogRecord :65-inch tv
2020-09-06 20:01:41,345 :INFO :LogFeature.LogRecord :65-inch tv oled
2020-09-06 20:01:41,345 :INFO :LogFeature.LogRecord :65-inch tv oled
2020-09-06 20:01:41,377 :INFO :LogFeature.LogRecord :65-inch tv nokia
2020-09-06 20:01:41,377 :INFO :LogFeature.LogRecord :65-inch tv nokia
2020-09-06 20:01:41,405 :INFO :LogFeature.LogRecord :65-inch tv lg
2020-09-06 20:01:41,405 :INFO :LogFeature.LogRecord :65-inch tv lg
2020-09-06 20:01:41,434 :INFO :LogFeature.LogRecord :65-inch tv samsung
2020-09-06 20:01:41,434 :INFO :LogFeature.LogRecord :65-inch tv samsung
2020-09-06 20:01:42,229 :INFO :LogFeature.LogRecord :Selecting third suggested option
2020-09-06 20:01:42,229 :INFO :LogFeature.LogRecord :Selecting third suggested option
2020-09-06 20:01:45,842 :INFO :LogFeature.LogRecord :Selecting second TV product
2020-09-06 20:01:45,842 :INFO :LogFeature.LogRecord :Selecting second TV product
2020-09-06 20:02:08,013 :INFO :LogFeature.LogRecord :scrolling down for selecting by button
2020-09-06 20:02:08,013 :INFO :LogFeature.LogRecord :scrolling down for selecting by button
2020-09-06 20:02:09,445 :INFO :LogFeature.LogRecord :Clicked on By Now button
2020-09-06 20:02:09,445 :INFO :LogFeature.LogRecord :Clicked on By Now button
2020-09-06 20:02:19,224 :INFO :LogFeature.LogRecord :Redirected to Delivery options page
2020-09-06 20:02:19,224 :INFO :LogFeature.LogRecord :Redirected to Delivery options page
2020-09-06 20:02:19,650 :INFO :LogFeature.LogRecord : heading on Delivery options page was validated
2020-09-06 20:02:19,650 :INFO :LogFeature.LogRecord : heading on Delivery options page was validated
2020-09-06 20:02:19,650 :INFO :LogFeature.LogRecord :Choose your delivery options
2020-09-06 20:02:19,650 :INFO :LogFeature.LogRecord :Choose your delivery options
2020-09-06 20:02:20,024 :INFO :LogFeature.LogRecord :Continue button on Delivery options page was validated
2020-09-06 20:02:20,024 :INFO :LogFeature.LogRecord :Continue button on Delivery options page was validated
2020-09-06 20:02:20,024 :INFO :LogFeature.LogRecord :Continue
2020-09-06 20:02:20,024 :INFO :LogFeature.LogRecord :Continue
2020-09-06 20:04:55,071 :INFO :LogFeature.LogRecord :Clicked on sign in button
2020-09-06 20:04:55,071 :INFO :LogFeature.LogRecord :Clicked on sign in button
2020-09-06 20:04:59,188 :INFO :LogFeature.LogRecord :Mobile number entered in login box
2020-09-06 20:04:59,188 :INFO :LogFeature.LogRecord :Mobile number entered in login box
2020-09-06 20:05:03,226 :INFO :LogFeature.LogRecord :Clicked on Continue button
2020-09-06 20:05:03,226 :INFO :LogFeature.LogRecord :Clicked on Continue button
2020-09-06 20:05:04,551 :INFO :LogFeature.LogRecord :Show password check box unselected
2020-09-06 20:05:04,551 :INFO :LogFeature.LogRecord :Show password check box unselected
2020-09-06 20:05:05,990 :INFO :LogFeature.LogRecord :Password entered in password box
2020-09-06 20:05:05,990 :INFO :LogFeature.LogRecord :Password entered in password box
2020-09-06 20:05:06,803 :INFO :LogFeature.LogRecord :Clicked on Login button
2020-09-06 20:05:06,803 :INFO :LogFeature.LogRecord :Clicked on Login button
2020-09-06 20:05:14,239 :INFO :LogFeature.LogRecord :Clicked in serach box
2020-09-06 20:05:14,239 :INFO :LogFeature.LogRecord :Clicked in serach box
2020-09-06 20:05:16,860 :INFO :LogFeature.LogRecord :Entering product name[65-inch TV] in search box which we want to purchase
2020-09-06 20:05:16,860 :INFO :LogFeature.LogRecord :Entering product name[65-inch TV] in search box which we want to purchase
2020-09-06 20:05:18,765 :INFO :LogFeature.LogRecord :Below are the auto suggestive options
2020-09-06 20:05:18,765 :INFO :LogFeature.LogRecord :Below are the auto suggestive options
2020-09-06 20:05:18,792 :INFO :LogFeature.LogRecord :65-inch tv
2020-09-06 20:05:18,792 :INFO :LogFeature.LogRecord :65-inch tv
2020-09-06 20:05:18,821 :INFO :LogFeature.LogRecord :65-inch tv oled
2020-09-06 20:05:18,821 :INFO :LogFeature.LogRecord :65-inch tv oled
2020-09-06 20:05:18,849 :INFO :LogFeature.LogRecord :65-inch tv nokia
2020-09-06 20:05:18,849 :INFO :LogFeature.LogRecord :65-inch tv nokia
2020-09-06 20:05:18,877 :INFO :LogFeature.LogRecord :65-inch tv lg
2020-09-06 20:05:18,877 :INFO :LogFeature.LogRecord :65-inch tv lg
2020-09-06 20:05:18,909 :INFO :LogFeature.LogRecord :65-inch tv samsung
2020-09-06 20:05:18,909 :INFO :LogFeature.LogRecord :65-inch tv samsung
2020-09-06 20:05:19,729 :INFO :LogFeature.LogRecord :Selecting third suggested option
2020-09-06 20:05:19,729 :INFO :LogFeature.LogRecord :Selecting third suggested option
2020-09-06 20:05:23,243 :INFO :LogFeature.LogRecord :Selecting second TV product
2020-09-06 20:05:23,243 :INFO :LogFeature.LogRecord :Selecting second TV product
2020-09-06 20:05:46,276 :INFO :LogFeature.LogRecord :scrolling down for selecting by button
2020-09-06 20:05:46,276 :INFO :LogFeature.LogRecord :scrolling down for selecting by button
2020-09-06 20:05:47,377 :INFO :LogFeature.LogRecord :Clicked on By Now button
2020-09-06 20:05:47,377 :INFO :LogFeature.LogRecord :Clicked on By Now button
2020-09-06 20:05:56,782 :INFO :LogFeature.LogRecord :Redirected to Delivery options page
2020-09-06 20:05:56,782 :INFO :LogFeature.LogRecord :Redirected to Delivery options page
2020-09-06 20:05:57,411 :INFO :LogFeature.LogRecord : heading on Delivery options page was validated
2020-09-06 20:05:57,411 :INFO :LogFeature.LogRecord : heading on Delivery options page was validated
2020-09-06 20:05:57,411 :INFO :LogFeature.LogRecord :Choose your delivery options
2020-09-06 20:05:57,411 :INFO :LogFeature.LogRecord :Choose your delivery options
2020-09-06 20:05:58,039 :INFO :LogFeature.LogRecord :Continue button on Delivery options page was validated
2020-09-06 20:05:58,039 :INFO :LogFeature.LogRecord :Continue button on Delivery options page was validated
2020-09-06 20:05:58,039 :INFO :LogFeature.LogRecord :Continue
2020-09-06 20:05:58,039 :INFO :LogFeature.LogRecord :Continue
2020-09-06 20:07:31,811 :INFO :LogFeature.LogRecord :Clicked on sign in button
2020-09-06 20:07:37,733 :INFO :LogFeature.LogRecord :Mobile number entered in login box
2020-09-06 20:07:38,463 :INFO :LogFeature.LogRecord :Clicked on Continue button
2020-09-06 20:07:42,275 :INFO :LogFeature.LogRecord :Show password check box unselected
2020-09-06 20:07:43,673 :INFO :LogFeature.LogRecord :Password entered in password box
2020-09-06 20:07:44,389 :INFO :LogFeature.LogRecord :Clicked on Login button
2020-09-06 20:09:05,578 :INFO :LogFeature.LogRecord :Clicked on sign in button
2020-09-06 20:09:11,527 :INFO :LogFeature.LogRecord :Mobile number entered in login box
2020-09-06 20:09:12,285 :INFO :LogFeature.LogRecord :Clicked on Continue button
2020-09-06 20:09:16,731 :INFO :LogFeature.LogRecord :Show password check box unselected
2020-09-06 20:09:18,202 :INFO :LogFeature.LogRecord :Password entered in password box
2020-09-06 20:09:18,943 :INFO :LogFeature.LogRecord :Clicked on Login button
2020-09-06 20:11:24,153 :INFO :LogFeature.LogRecord :Clicked on sign in button
2020-09-06 20:11:29,175 :INFO :LogFeature.LogRecord :Mobile number entered in login box
2020-09-06 20:11:30,035 :INFO :LogFeature.LogRecord :Clicked on Continue button
2020-09-06 20:11:33,789 :INFO :LogFeature.LogRecord :Show password check box unselected
2020-09-06 20:11:35,224 :INFO :LogFeature.LogRecord :Password entered in password box
2020-09-06 20:11:35,961 :INFO :LogFeature.LogRecord :Clicked on Login button
2020-09-06 20:11:48,791 :INFO :LogFeature.LogRecord :clicked on Burger icon
2020-09-06 20:11:55,845 :INFO :LogFeature.LogRecord :Settings section selected from Menu
2020-09-06 20:11:58,818 :INFO :LogFeature.LogRecord :Clicked on SignOut button
2020-09-06 20:11:58,948 :INFO :LogFeature.LogRecord :SIGN OUT from Confirm Sign Out pop up
2020-09-06 20:12:03,582 :INFO :LogFeature.LogRecord :Redirected to Sign Up page
2020-09-06 20:12:03,657 :INFO :LogFeature.LogRecord :Clicked on sign in button
2020-09-06 20:12:03,657 :INFO :LogFeature.LogRecord :Clicked on sign in button
2020-09-06 20:12:07,668 :INFO :LogFeature.LogRecord :Mobile number entered in login box
2020-09-06 20:12:07,668 :INFO :LogFeature.LogRecord :Mobile number entered in login box
2020-09-06 20:12:08,410 :INFO :LogFeature.LogRecord :Clicked on Continue button
2020-09-06 20:12:08,410 :INFO :LogFeature.LogRecord :Clicked on Continue button
2020-09-06 20:12:12,245 :INFO :LogFeature.LogRecord :Show password check box unselected
2020-09-06 20:12:12,245 :INFO :LogFeature.LogRecord :Show password check box unselected
2020-09-06 20:12:13,405 :INFO :LogFeature.LogRecord :Password entered in password box
2020-09-06 20:12:13,405 :INFO :LogFeature.LogRecord :Password entered in password box
2020-09-06 20:12:14,121 :INFO :LogFeature.LogRecord :Clicked on Login button
2020-09-06 20:12:14,121 :INFO :LogFeature.LogRecord :Clicked on Login button
2020-09-06 20:12:26,730 :INFO :LogFeature.LogRecord :Clicked in serach box
2020-09-06 20:12:26,730 :INFO :LogFeature.LogRecord :Clicked in serach box
2020-09-06 20:12:29,122 :INFO :LogFeature.LogRecord :Entering product name[65-inch TV] in search box which we want to purchase
2020-09-06 20:12:29,122 :INFO :LogFeature.LogRecord :Entering product name[65-inch TV] in search box which we want to purchase
2020-09-06 20:12:30,816 :INFO :LogFeature.LogRecord :Below are the auto suggestive options
2020-09-06 20:12:30,816 :INFO :LogFeature.LogRecord :Below are the auto suggestive options
2020-09-06 20:12:30,837 :INFO :LogFeature.LogRecord :65-inch tv
2020-09-06 20:12:30,837 :INFO :LogFeature.LogRecord :65-inch tv
2020-09-06 20:12:30,862 :INFO :LogFeature.LogRecord :65-inch tv oled
2020-09-06 20:12:30,862 :INFO :LogFeature.LogRecord :65-inch tv oled
2020-09-06 20:12:30,895 :INFO :LogFeature.LogRecord :65-inch tv nokia
2020-09-06 20:12:30,895 :INFO :LogFeature.LogRecord :65-inch tv nokia
2020-09-06 20:12:30,921 :INFO :LogFeature.LogRecord :65-inch tv lg
2020-09-06 20:12:30,921 :INFO :LogFeature.LogRecord :65-inch tv lg
2020-09-06 20:12:30,948 :INFO :LogFeature.LogRecord :65-inch tv samsung
2020-09-06 20:12:30,948 :INFO :LogFeature.LogRecord :65-inch tv samsung
2020-09-06 20:12:30,993 :INFO :LogFeature.LogRecord :Selecting third suggested option
2020-09-06 20:12:30,993 :INFO :LogFeature.LogRecord :Selecting third suggested option
2020-09-06 20:12:34,281 :INFO :LogFeature.LogRecord :Selecting second TV product
2020-09-06 20:12:34,281 :INFO :LogFeature.LogRecord :Selecting second TV product
2020-09-06 20:12:56,427 :INFO :LogFeature.LogRecord :scrolling down for selecting by button
2020-09-06 20:12:56,427 :INFO :LogFeature.LogRecord :scrolling down for selecting by button
2020-09-06 20:12:57,541 :INFO :LogFeature.LogRecord :Clicked on By Now button
2020-09-06 20:12:57,541 :INFO :LogFeature.LogRecord :Clicked on By Now button
2020-09-06 20:13:07,620 :INFO :LogFeature.LogRecord :Redirected to Delivery options page
2020-09-06 20:13:07,620 :INFO :LogFeature.LogRecord :Redirected to Delivery options page
2020-09-06 20:13:07,995 :INFO :LogFeature.LogRecord : heading on Delivery options page was validated
2020-09-06 20:13:07,995 :INFO :LogFeature.LogRecord : heading on Delivery options page was validated
2020-09-06 20:13:07,995 :INFO :LogFeature.LogRecord :Choose your delivery options
2020-09-06 20:13:07,995 :INFO :LogFeature.LogRecord :Choose your delivery options
2020-09-06 20:13:08,396 :INFO :LogFeature.LogRecord :Continue button on Delivery options page was validated
2020-09-06 20:13:08,396 :INFO :LogFeature.LogRecord :Continue button on Delivery options page was validated
2020-09-06 20:13:08,396 :INFO :LogFeature.LogRecord :Continue
2020-09-06 20:13:08,396 :INFO :LogFeature.LogRecord :Continue
2020-09-06 20:14:49,876 :INFO :LogFeature.LogRecord :Clicked on sign in button
2020-09-06 20:14:55,084 :INFO :LogFeature.LogRecord :Mobile number entered in login box
2020-09-06 20:14:55,874 :INFO :LogFeature.LogRecord :Clicked on Continue button
2020-09-06 20:14:59,921 :INFO :LogFeature.LogRecord :Show password check box unselected
2020-09-06 20:15:01,546 :INFO :LogFeature.LogRecord :Password entered in password box
2020-09-06 20:15:02,263 :INFO :LogFeature.LogRecord :Clicked on Login button
2020-09-06 20:15:15,595 :INFO :LogFeature.LogRecord :clicked on Burger icon
2020-09-06 20:15:21,972 :INFO :LogFeature.LogRecord :Settings section selected from Menu
2020-09-06 20:15:25,175 :INFO :LogFeature.LogRecord :Clicked on SignOut button
2020-09-06 20:15:25,295 :INFO :LogFeature.LogRecord :SIGN OUT from Confirm Sign Out pop up
2020-09-06 20:15:35,246 :INFO :LogFeature.LogRecord :Redirected to Sign Up page
2020-09-06 20:15:35,316 :INFO :LogFeature.LogRecord :Clicked on sign in button
2020-09-06 20:15:35,316 :INFO :LogFeature.LogRecord :Clicked on sign in button
2020-09-06 20:15:39,093 :INFO :LogFeature.LogRecord :Mobile number entered in login box
2020-09-06 20:15:39,093 :INFO :LogFeature.LogRecord :Mobile number entered in login box
2020-09-06 20:15:40,210 :INFO :LogFeature.LogRecord :Clicked on Continue button
2020-09-06 20:15:40,210 :INFO :LogFeature.LogRecord :Clicked on Continue button
2020-09-06 20:15:43,944 :INFO :LogFeature.LogRecord :Show password check box unselected
2020-09-06 20:15:43,944 :INFO :LogFeature.LogRecord :Show password check box unselected
2020-09-06 20:15:45,200 :INFO :LogFeature.LogRecord :Password entered in password box
2020-09-06 20:15:45,200 :INFO :LogFeature.LogRecord :Password entered in password box
2020-09-06 20:15:45,909 :INFO :LogFeature.LogRecord :Clicked on Login button
2020-09-06 20:15:45,909 :INFO :LogFeature.LogRecord :Clicked on Login button
2020-09-06 20:15:56,916 :INFO :LogFeature.LogRecord :Clicked in serach box
2020-09-06 20:15:56,916 :INFO :LogFeature.LogRecord :Clicked in serach box
2020-09-06 20:15:57,832 :INFO :LogFeature.LogRecord :Entering product name[65-inch TV] in search box which we want to purchase
2020-09-06 20:15:57,832 :INFO :LogFeature.LogRecord :Entering product name[65-inch TV] in search box which we want to purchase
2020-09-06 20:15:59,055 :INFO :LogFeature.LogRecord :Below are the auto suggestive options
2020-09-06 20:15:59,055 :INFO :LogFeature.LogRecord :Below are the auto suggestive options
2020-09-06 20:15:59,598 :INFO :LogFeature.LogRecord :65-inch tv
2020-09-06 20:15:59,598 :INFO :LogFeature.LogRecord :65-inch tv
2020-09-06 20:15:59,635 :INFO :LogFeature.LogRecord :65-inch tv oled
2020-09-06 20:15:59,635 :INFO :LogFeature.LogRecord :65-inch tv oled
2020-09-06 20:15:59,671 :INFO :LogFeature.LogRecord :65-inch tv nokia
2020-09-06 20:15:59,671 :INFO :LogFeature.LogRecord :65-inch tv nokia
2020-09-06 20:15:59,701 :INFO :LogFeature.LogRecord :65-inch tv lg
2020-09-06 20:15:59,701 :INFO :LogFeature.LogRecord :65-inch tv lg
2020-09-06 20:15:59,721 :INFO :LogFeature.LogRecord :65-inch tv samsung
2020-09-06 20:15:59,721 :INFO :LogFeature.LogRecord :65-inch tv samsung
2020-09-06 20:16:00,518 :INFO :LogFeature.LogRecord :Selecting third suggested option
2020-09-06 20:16:00,518 :INFO :LogFeature.LogRecord :Selecting third suggested option
2020-09-06 20:16:02,919 :INFO :LogFeature.LogRecord :Selecting second TV product
2020-09-06 20:16:02,919 :INFO :LogFeature.LogRecord :Selecting second TV product
2020-09-06 20:16:20,149 :INFO :LogFeature.LogRecord :scrolling down for selecting by button
2020-09-06 20:16:20,149 :INFO :LogFeature.LogRecord :scrolling down for selecting by button
2020-09-06 20:16:21,126 :INFO :LogFeature.LogRecord :Clicked on By Now button
2020-09-06 20:16:21,126 :INFO :LogFeature.LogRecord :Clicked on By Now button
2020-09-06 20:18:44,653 :INFO :LogFeature.LogRecord :Clicked on sign in button
2020-09-06 20:18:50,985 :INFO :LogFeature.LogRecord :Mobile number entered in login box
2020-09-06 20:18:51,727 :INFO :LogFeature.LogRecord :Clicked on Continue button
2020-09-06 20:18:55,503 :INFO :LogFeature.LogRecord :Show password check box unselected
2020-09-06 20:18:56,941 :INFO :LogFeature.LogRecord :Password entered in password box
2020-09-06 20:18:57,649 :INFO :LogFeature.LogRecord :Clicked on Login button
2020-09-06 20:19:12,536 :INFO :LogFeature.LogRecord :clicked on Burger icon
2020-09-06 20:19:18,267 :INFO :LogFeature.LogRecord :Settings section selected from Menu
2020-09-06 20:19:22,042 :INFO :LogFeature.LogRecord :Clicked on SignOut button
2020-09-06 20:19:22,165 :INFO :LogFeature.LogRecord :SIGN OUT from Confirm Sign Out pop up
2020-09-06 20:19:27,397 :INFO :LogFeature.LogRecord :Redirected to Sign Up page
2020-09-06 20:19:27,478 :INFO :LogFeature.LogRecord :Clicked on sign in button
2020-09-06 20:19:27,478 :INFO :LogFeature.LogRecord :Clicked on sign in button
2020-09-06 20:19:31,092 :INFO :LogFeature.LogRecord :Mobile number entered in login box
2020-09-06 20:19:31,092 :INFO :LogFeature.LogRecord :Mobile number entered in login box
2020-09-06 20:19:31,831 :INFO :LogFeature.LogRecord :Clicked on Continue button
2020-09-06 20:19:31,831 :INFO :LogFeature.LogRecord :Clicked on Continue button
2020-09-06 20:19:36,084 :INFO :LogFeature.LogRecord :Show password check box unselected
2020-09-06 20:19:36,084 :INFO :LogFeature.LogRecord :Show password check box unselected
2020-09-06 20:19:37,234 :INFO :LogFeature.LogRecord :Password entered in password box
2020-09-06 20:19:37,234 :INFO :LogFeature.LogRecord :Password entered in password box
2020-09-06 20:19:37,942 :INFO :LogFeature.LogRecord :Clicked on Login button
2020-09-06 20:19:37,942 :INFO :LogFeature.LogRecord :Clicked on Login button
2020-09-06 20:19:50,256 :INFO :LogFeature.LogRecord :Clicked in serach box
2020-09-06 20:19:50,256 :INFO :LogFeature.LogRecord :Clicked in serach box
2020-09-06 20:19:52,665 :INFO :LogFeature.LogRecord :Entering product name[65-inch TV] in search box which we want to purchase
2020-09-06 20:19:52,665 :INFO :LogFeature.LogRecord :Entering product name[65-inch TV] in search box which we want to purchase
2020-09-06 20:19:53,847 :INFO :LogFeature.LogRecord :Below are the auto suggestive options
2020-09-06 20:19:53,847 :INFO :LogFeature.LogRecord :Below are the auto suggestive options
2020-09-06 20:19:54,272 :INFO :LogFeature.LogRecord :65-inch tv
2020-09-06 20:19:54,272 :INFO :LogFeature.LogRecord :65-inch tv
2020-09-06 20:19:54,307 :INFO :LogFeature.LogRecord :65-inch tv oled
2020-09-06 20:19:54,307 :INFO :LogFeature.LogRecord :65-inch tv oled
2020-09-06 20:19:54,330 :INFO :LogFeature.LogRecord :65-inch tv nokia
2020-09-06 20:19:54,330 :INFO :LogFeature.LogRecord :65-inch tv nokia
2020-09-06 20:19:54,352 :INFO :LogFeature.LogRecord :65-inch tv lg
2020-09-06 20:19:54,352 :INFO :LogFeature.LogRecord :65-inch tv lg
2020-09-06 20:19:54,375 :INFO :LogFeature.LogRecord :65-inch tv samsung
2020-09-06 20:19:54,375 :INFO :LogFeature.LogRecord :65-inch tv samsung
2020-09-06 20:19:55,183 :INFO :LogFeature.LogRecord :Selecting third suggested option
2020-09-06 20:19:55,183 :INFO :LogFeature.LogRecord :Selecting third suggested option
2020-09-06 20:19:58,159 :INFO :LogFeature.LogRecord :Selecting second TV product
2020-09-06 20:19:58,159 :INFO :LogFeature.LogRecord :Selecting second TV product
2020-09-06 20:20:16,794 :INFO :LogFeature.LogRecord :scrolling down for selecting by button
2020-09-06 20:20:16,794 :INFO :LogFeature.LogRecord :scrolling down for selecting by button
2020-09-06 20:20:19,451 :INFO :LogFeature.LogRecord :Clicked on By Now button
2020-09-06 20:20:19,451 :INFO :LogFeature.LogRecord :Clicked on By Now button
2020-09-06 20:20:29,427 :INFO :LogFeature.LogRecord :Redirected to Delivery options page
2020-09-06 20:20:29,427 :INFO :LogFeature.LogRecord :Redirected to Delivery options page
2020-09-06 20:20:29,854 :INFO :LogFeature.LogRecord : heading on Delivery options page was validated
2020-09-06 20:20:29,854 :INFO :LogFeature.LogRecord : heading on Delivery options page was validated
2020-09-06 20:20:29,854 :INFO :LogFeature.LogRecord :Choose your delivery options
2020-09-06 20:20:29,854 :INFO :LogFeature.LogRecord :Choose your delivery options
2020-09-06 20:20:30,262 :INFO :LogFeature.LogRecord :Continue button on Delivery options page was validated
2020-09-06 20:20:30,262 :INFO :LogFeature.LogRecord :Continue button on Delivery options page was validated
2020-09-06 20:20:30,262 :INFO :LogFeature.LogRecord :Continue
2020-09-06 20:20:30,262 :INFO :LogFeature.LogRecord :Continue
2020-09-06 20:23:13,216 :INFO :LogFeature.LogRecord :Clicked on sign in button
2020-09-06 20:23:18,105 :INFO :LogFeature.LogRecord :Mobile number entered in login box
2020-09-06 20:23:18,895 :INFO :LogFeature.LogRecord :Clicked on Continue button
2020-09-06 20:23:22,911 :INFO :LogFeature.LogRecord :Show password check box unselected
2020-09-06 20:23:24,408 :INFO :LogFeature.LogRecord :Password entered in password box
2020-09-06 20:23:25,130 :INFO :LogFeature.LogRecord :Clicked on Login button
2020-09-06 20:23:37,661 :INFO :LogFeature.LogRecord :clicked on Burger icon
2020-09-06 20:23:44,630 :INFO :LogFeature.LogRecord :Settings section selected from Menu
2020-09-06 20:23:47,721 :INFO :LogFeature.LogRecord :Clicked on SignOut button
2020-09-06 20:23:47,844 :INFO :LogFeature.LogRecord :SIGN OUT from Confirm Sign Out pop up
2020-09-06 20:23:53,006 :INFO :LogFeature.LogRecord :Redirected to Sign Up page
2020-09-06 20:23:53,075 :INFO :LogFeature.LogRecord :Clicked on sign in button
2020-09-06 20:23:53,075 :INFO :LogFeature.LogRecord :Clicked on sign in button
2020-09-06 20:23:56,680 :INFO :LogFeature.LogRecord :Mobile number entered in login box
2020-09-06 20:23:56,680 :INFO :LogFeature.LogRecord :Mobile number entered in login box
2020-09-06 20:23:57,410 :INFO :LogFeature.LogRecord :Clicked on Continue button
2020-09-06 20:23:57,410 :INFO :LogFeature.LogRecord :Clicked on Continue button
2020-09-06 20:24:01,485 :INFO :LogFeature.LogRecord :Show password check box unselected
2020-09-06 20:24:01,485 :INFO :LogFeature.LogRecord :Show password check box unselected
2020-09-06 20:24:02,749 :INFO :LogFeature.LogRecord :Password entered in password box
2020-09-06 20:24:02,749 :INFO :LogFeature.LogRecord :Password entered in password box
2020-09-06 20:24:03,445 :INFO :LogFeature.LogRecord :Clicked on Login button
2020-09-06 20:24:03,445 :INFO :LogFeature.LogRecord :Clicked on Login button
2020-09-06 20:24:15,786 :INFO :LogFeature.LogRecord :Clicked in serach box
2020-09-06 20:24:15,786 :INFO :LogFeature.LogRecord :Clicked in serach box
2020-09-06 20:24:18,711 :INFO :LogFeature.LogRecord :Entering product name[65-inch TV] in search box which we want to purchase
2020-09-06 20:24:18,711 :INFO :LogFeature.LogRecord :Entering product name[65-inch TV] in search box which we want to purchase
2020-09-06 20:24:20,785 :INFO :LogFeature.LogRecord :Below are the auto suggestive options
2020-09-06 20:24:20,785 :INFO :LogFeature.LogRecord :Below are the auto suggestive options
2020-09-06 20:24:20,804 :INFO :LogFeature.LogRecord :65-inch tv
2020-09-06 20:24:20,804 :INFO :LogFeature.LogRecord :65-inch tv
2020-09-06 20:24:20,822 :INFO :LogFeature.LogRecord :65-inch tv oled
2020-09-06 20:24:20,822 :INFO :LogFeature.LogRecord :65-inch tv oled
2020-09-06 20:24:20,842 :INFO :LogFeature.LogRecord :65-inch tv nokia
2020-09-06 20:24:20,842 :INFO :LogFeature.LogRecord :65-inch tv nokia
2020-09-06 20:24:20,864 :INFO :LogFeature.LogRecord :65-inch tv lg
2020-09-06 20:24:20,864 :INFO :LogFeature.LogRecord :65-inch tv lg
2020-09-06 20:24:20,887 :INFO :LogFeature.LogRecord :65-inch tv samsung
2020-09-06 20:24:20,887 :INFO :LogFeature.LogRecord :65-inch tv samsung
2020-09-06 20:24:21,704 :INFO :LogFeature.LogRecord :Selecting third suggested option
2020-09-06 20:24:21,704 :INFO :LogFeature.LogRecord :Selecting third suggested option
2020-09-06 20:24:24,072 :INFO :LogFeature.LogRecord :Selecting second TV product
2020-09-06 20:24:24,072 :INFO :LogFeature.LogRecord :Selecting second TV product
2020-09-06 20:24:39,418 :INFO :LogFeature.LogRecord :scrolling down for selecting by button
2020-09-06 20:24:39,418 :INFO :LogFeature.LogRecord :scrolling down for selecting by button
2020-09-06 20:24:40,726 :INFO :LogFeature.LogRecord :Clicked on By Now button
2020-09-06 20:24:40,726 :INFO :LogFeature.LogRecord :Clicked on By Now button
2020-09-06 20:24:48,537 :INFO :LogFeature.LogRecord :Redirected to Delivery options page
2020-09-06 20:24:48,537 :INFO :LogFeature.LogRecord :Redirected to Delivery options page
2020-09-06 20:26:09,229 :INFO :LogFeature.LogRecord :Clicked on sign in button
2020-09-06 20:26:14,137 :INFO :LogFeature.LogRecord :Mobile number entered in login box
2020-09-06 20:26:14,860 :INFO :LogFeature.LogRecord :Clicked on Continue button
2020-09-06 20:26:19,277 :INFO :LogFeature.LogRecord :Show password check box unselected
2020-09-06 20:26:20,767 :INFO :LogFeature.LogRecord :Password entered in password box
2020-09-06 20:26:21,504 :INFO :LogFeature.LogRecord :Clicked on Login button
2020-09-06 20:26:31,247 :INFO :LogFeature.LogRecord :clicked on Burger icon
2020-09-06 20:26:43,318 :INFO :LogFeature.LogRecord :Settings section selected from Menu
2020-09-06 20:26:47,687 :INFO :LogFeature.LogRecord :Clicked on SignOut button
2020-09-06 20:26:47,811 :INFO :LogFeature.LogRecord :SIGN OUT from Confirm Sign Out pop up
2020-09-06 20:26:52,610 :INFO :LogFeature.LogRecord :Redirected to Sign Up page
2020-09-06 20:26:52,703 :INFO :LogFeature.LogRecord :Clicked on sign in button
2020-09-06 20:26:52,703 :INFO :LogFeature.LogRecord :Clicked on sign in button
2020-09-06 20:26:56,277 :INFO :LogFeature.LogRecord :Mobile number entered in login box
2020-09-06 20:26:56,277 :INFO :LogFeature.LogRecord :Mobile number entered in login box
2020-09-06 20:26:57,039 :INFO :LogFeature.LogRecord :Clicked on Continue button
2020-09-06 20:26:57,039 :INFO :LogFeature.LogRecord :Clicked on Continue button
2020-09-06 20:27:01,497 :INFO :LogFeature.LogRecord :Show password check box unselected
2020-09-06 20:27:01,497 :INFO :LogFeature.LogRecord :Show password check box unselected
2020-09-06 20:27:02,749 :INFO :LogFeature.LogRecord :Password entered in password box
2020-09-06 20:27:02,749 :INFO :LogFeature.LogRecord :Password entered in password box
2020-09-06 20:27:03,474 :INFO :LogFeature.LogRecord :Clicked on Login button
2020-09-06 20:27:03,474 :INFO :LogFeature.LogRecord :Clicked on Login button
2020-09-06 20:27:15,537 :INFO :LogFeature.LogRecord :Clicked in serach box
2020-09-06 20:27:15,537 :INFO :LogFeature.LogRecord :Clicked in serach box
2020-09-06 20:27:18,606 :INFO :LogFeature.LogRecord :Entering product name[65-inch TV] in search box which we want to purchase
2020-09-06 20:27:18,606 :INFO :LogFeature.LogRecord :Entering product name[65-inch TV] in search box which we want to purchase
2020-09-06 20:27:20,466 :INFO :LogFeature.LogRecord :Below are the auto suggestive options
2020-09-06 20:27:20,466 :INFO :LogFeature.LogRecord :Below are the auto suggestive options
2020-09-06 20:27:20,946 :INFO :LogFeature.LogRecord :65-inch tv
2020-09-06 20:27:20,946 :INFO :LogFeature.LogRecord :65-inch tv
2020-09-06 20:27:20,984 :INFO :LogFeature.LogRecord :65-inch tv oled
2020-09-06 20:27:20,984 :INFO :LogFeature.LogRecord :65-inch tv oled
2020-09-06 20:27:21,019 :INFO :LogFeature.LogRecord :65-inch tv nokia
2020-09-06 20:27:21,019 :INFO :LogFeature.LogRecord :65-inch tv nokia
2020-09-06 20:27:21,042 :INFO :LogFeature.LogRecord :65-inch tv lg
2020-09-06 20:27:21,042 :INFO :LogFeature.LogRecord :65-inch tv lg
2020-09-06 20:27:21,065 :INFO :LogFeature.LogRecord :65-inch tv samsung
2020-09-06 20:27:21,065 :INFO :LogFeature.LogRecord :65-inch tv samsung
2020-09-06 20:27:23,975 :INFO :LogFeature.LogRecord :Selecting third suggested option
2020-09-06 20:27:23,975 :INFO :LogFeature.LogRecord :Selecting third suggested option
2020-09-06 20:27:24,936 :INFO :LogFeature.LogRecord :Selecting second TV product
2020-09-06 20:27:24,936 :INFO :LogFeature.LogRecord :Selecting second TV product
2020-09-06 20:27:45,716 :INFO :LogFeature.LogRecord :scrolling down for selecting by button
2020-09-06 20:27:45,716 :INFO :LogFeature.LogRecord :scrolling down for selecting by button
2020-09-06 20:27:50,022 :INFO :LogFeature.LogRecord :Clicked on By Now button
2020-09-06 20:27:50,022 :INFO :LogFeature.LogRecord :Clicked on By Now button
2020-09-06 20:35:47,497 :INFO :LogFeature.LogRecord :Clicked on sign in button
2020-09-06 20:35:52,909 :INFO :LogFeature.LogRecord :Mobile number entered in login box
2020-09-06 20:35:53,748 :INFO :LogFeature.LogRecord :Clicked on Continue button
2020-09-06 20:35:57,613 :INFO :LogFeature.LogRecord :Show password check box unselected
2020-09-06 20:35:59,142 :INFO :LogFeature.LogRecord :Password entered in password box
2020-09-06 20:35:59,869 :INFO :LogFeature.LogRecord :Clicked on Login button
2020-09-06 20:36:13,540 :INFO :LogFeature.LogRecord :clicked on Burger icon
2020-09-06 20:36:19,226 :INFO :LogFeature.LogRecord :Settings section selected from Menu
2020-09-06 20:36:22,806 :INFO :LogFeature.LogRecord :Clicked on SignOut button
2020-09-06 20:36:22,937 :INFO :LogFeature.LogRecord :SIGN OUT from Confirm Sign Out pop up
2020-09-06 20:36:27,618 :INFO :LogFeature.LogRecord :Redirected to Sign Up page
2020-09-06 20:36:28,220 :INFO :LogFeature.LogRecord :Clicked on sign in button
2020-09-06 20:36:28,220 :INFO :LogFeature.LogRecord :Clicked on sign in button
2020-09-06 20:36:31,823 :INFO :LogFeature.LogRecord :Mobile number entered in login box
2020-09-06 20:36:31,823 :INFO :LogFeature.LogRecord :Mobile number entered in login box
2020-09-06 20:36:32,233 :INFO :LogFeature.LogRecord :Clicked on Continue button
2020-09-06 20:36:32,233 :INFO :LogFeature.LogRecord :Clicked on Continue button
2020-09-06 20:36:36,709 :INFO :LogFeature.LogRecord :Show password check box unselected
2020-09-06 20:36:36,709 :INFO :LogFeature.LogRecord :Show password check box unselected
2020-09-06 20:36:37,974 :INFO :LogFeature.LogRecord :Password entered in password box
2020-09-06 20:36:37,974 :INFO :LogFeature.LogRecord :Password entered in password box
2020-09-06 20:36:38,664 :INFO :LogFeature.LogRecord :Clicked on Login button
2020-09-06 20:36:38,664 :INFO :LogFeature.LogRecord :Clicked on Login button
2020-09-06 20:36:51,338 :INFO :LogFeature.LogRecord :Clicked in serach box
2020-09-06 20:36:51,338 :INFO :LogFeature.LogRecord :Clicked in serach box
2020-09-06 20:36:53,896 :INFO :LogFeature.LogRecord :Entering product name[65-inch TV] in search box which we want to purchase
2020-09-06 20:36:53,896 :INFO :LogFeature.LogRecord :Entering product name[65-inch TV] in search box which we want to purchase
2020-09-06 20:36:55,094 :INFO :LogFeature.LogRecord :Below are the auto suggestive options
2020-09-06 20:36:55,094 :INFO :LogFeature.LogRecord :Below are the auto suggestive options
2020-09-06 20:36:55,454 :INFO :LogFeature.LogRecord :65-inch tv
2020-09-06 20:36:55,454 :INFO :LogFeature.LogRecord :65-inch tv
2020-09-06 20:36:55,490 :INFO :LogFeature.LogRecord :65-inch tv oled
2020-09-06 20:36:55,490 :INFO :LogFeature.LogRecord :65-inch tv oled
2020-09-06 20:36:55,527 :INFO :LogFeature.LogRecord :65-inch tv nokia
2020-09-06 20:36:55,527 :INFO :LogFeature.LogRecord :65-inch tv nokia
2020-09-06 20:36:55,568 :INFO :LogFeature.LogRecord :65-inch tv lg
2020-09-06 20:36:55,568 :INFO :LogFeature.LogRecord :65-inch tv lg
2020-09-06 20:36:55,607 :INFO :LogFeature.LogRecord :65-inch tv samsung
2020-09-06 20:36:55,607 :INFO :LogFeature.LogRecord :65-inch tv samsung
2020-09-06 20:36:57,943 :INFO :LogFeature.LogRecord :Selecting third suggested option
2020-09-06 20:36:57,943 :INFO :LogFeature.LogRecord :Selecting third suggested option
2020-09-06 20:36:58,843 :INFO :LogFeature.LogRecord :Selecting second TV product
2020-09-06 20:36:58,843 :INFO :LogFeature.LogRecord :Selecting second TV product
2020-09-06 20:37:13,076 :INFO :LogFeature.LogRecord :scrolling down for selecting by button
2020-09-06 20:37:13,076 :INFO :LogFeature.LogRecord :scrolling down for selecting by button
2020-09-06 20:37:14,130 :INFO :LogFeature.LogRecord :Clicked on By Now button
2020-09-06 20:37:14,130 :INFO :LogFeature.LogRecord :Clicked on By Now button
2020-09-06 20:38:30,932 :INFO :LogFeature.LogRecord :Clicked on sign in button
2020-09-06 20:38:36,884 :INFO :LogFeature.LogRecord :Mobile number entered in login box
2020-09-06 20:38:37,641 :INFO :LogFeature.LogRecord :Clicked on Continue button
2020-09-06 20:38:41,553 :INFO :LogFeature.LogRecord :Show password check box unselected
2020-09-06 20:38:43,109 :INFO :LogFeature.LogRecord :Password entered in password box
2020-09-06 20:38:43,846 :INFO :LogFeature.LogRecord :Clicked on Login button
2020-09-06 20:38:51,967 :INFO :LogFeature.LogRecord :clicked on Burger icon
2020-09-06 20:39:02,916 :INFO :LogFeature.LogRecord :Settings section selected from Menu
2020-09-06 20:39:06,833 :INFO :LogFeature.LogRecord :Clicked on SignOut button
2020-09-06 20:39:06,958 :INFO :LogFeature.LogRecord :SIGN OUT from Confirm Sign Out pop up
2020-09-06 20:39:12,445 :INFO :LogFeature.LogRecord :Redirected to Sign Up page
2020-09-06 20:39:12,516 :INFO :LogFeature.LogRecord :Clicked on sign in button
2020-09-06 20:39:12,516 :INFO :LogFeature.LogRecord :Clicked on sign in button
2020-09-06 20:39:17,356 :INFO :LogFeature.LogRecord :Mobile number entered in login box
2020-09-06 20:39:17,356 :INFO :LogFeature.LogRecord :Mobile number entered in login box
2020-09-06 20:39:18,109 :INFO :LogFeature.LogRecord :Clicked on Continue button
2020-09-06 20:39:18,109 :INFO :LogFeature.LogRecord :Clicked on Continue button
2020-09-06 20:39:22,298 :INFO :LogFeature.LogRecord :Show password check box unselected
2020-09-06 20:39:22,298 :INFO :LogFeature.LogRecord :Show password check box unselected
2020-09-06 20:39:23,588 :INFO :LogFeature.LogRecord :Password entered in password box
2020-09-06 20:39:23,588 :INFO :LogFeature.LogRecord :Password entered in password box
2020-09-06 20:39:24,297 :INFO :LogFeature.LogRecord :Clicked on Login button
2020-09-06 20:39:24,297 :INFO :LogFeature.LogRecord :Clicked on Login button
2020-09-06 20:39:32,347 :INFO :LogFeature.LogRecord :Clicked in serach box
2020-09-06 20:39:32,347 :INFO :LogFeature.LogRecord :Clicked in serach box
2020-09-06 20:39:34,771 :INFO :LogFeature.LogRecord :Entering product name[65-inch TV] in search box which we want to purchase
2020-09-06 20:39:34,771 :INFO :LogFeature.LogRecord :Entering product name[65-inch TV] in search box which we want to purchase
2020-09-06 20:39:36,783 :INFO :LogFeature.LogRecord :Below are the auto suggestive options
2020-09-06 20:39:36,783 :INFO :LogFeature.LogRecord :Below are the auto suggestive options
2020-09-06 20:39:36,800 :INFO :LogFeature.LogRecord :65-inch tv
2020-09-06 20:39:36,800 :INFO :LogFeature.LogRecord :65-inch tv
2020-09-06 20:39:36,819 :INFO :LogFeature.LogRecord :65-inch tv oled
2020-09-06 20:39:36,819 :INFO :LogFeature.LogRecord :65-inch tv oled
2020-09-06 20:39:36,842 :INFO :LogFeature.LogRecord :65-inch tv nokia
2020-09-06 20:39:36,842 :INFO :LogFeature.LogRecord :65-inch tv nokia
2020-09-06 20:39:36,870 :INFO :LogFeature.LogRecord :65-inch tv lg
2020-09-06 20:39:36,870 :INFO :LogFeature.LogRecord :65-inch tv lg
2020-09-06 20:39:36,891 :INFO :LogFeature.LogRecord :65-inch tv samsung
2020-09-06 20:39:36,891 :INFO :LogFeature.LogRecord :65-inch tv samsung
2020-09-06 20:39:37,734 :INFO :LogFeature.LogRecord :Selecting third suggested option
2020-09-06 20:39:37,734 :INFO :LogFeature.LogRecord :Selecting third suggested option
2020-09-06 20:39:40,413 :INFO :LogFeature.LogRecord :Selecting second TV product
2020-09-06 20:39:40,413 :INFO :LogFeature.LogRecord :Selecting second TV product
2020-09-06 20:40:00,713 :INFO :LogFeature.LogRecord :scrolling down for selecting by button
2020-09-06 20:40:00,713 :INFO :LogFeature.LogRecord :scrolling down for selecting by button
2020-09-06 20:40:02,010 :INFO :LogFeature.LogRecord :Clicked on By Now button
2020-09-06 20:40:02,010 :INFO :LogFeature.LogRecord :Clicked on By Now button
2020-09-06 20:40:44,684 :INFO :LogFeature.LogRecord :Clicked on sign in button
2020-09-06 20:40:49,786 :INFO :LogFeature.LogRecord :Mobile number entered in login box
2020-09-06 20:40:50,557 :INFO :LogFeature.LogRecord :Clicked on Continue button
2020-09-06 20:40:53,909 :INFO :LogFeature.LogRecord :Show password check box unselected
2020-09-06 20:40:55,430 :INFO :LogFeature.LogRecord :Password entered in password box
2020-09-06 20:40:56,188 :INFO :LogFeature.LogRecord :Clicked on Login button
2020-09-06 20:41:09,711 :INFO :LogFeature.LogRecord :clicked on Burger icon
2020-09-06 20:41:15,934 :INFO :LogFeature.LogRecord :Settings section selected from Menu
2020-09-06 20:41:19,512 :INFO :LogFeature.LogRecord :Clicked on SignOut button
2020-09-06 20:41:19,644 :INFO :LogFeature.LogRecord :SIGN OUT from Confirm Sign Out pop up
2020-09-06 20:41:24,560 :INFO :LogFeature.LogRecord :Redirected to Sign Up page
2020-09-06 20:41:24,635 :INFO :LogFeature.LogRecord :Clicked on sign in button
2020-09-06 20:41:24,635 :INFO :LogFeature.LogRecord :Clicked on sign in button
2020-09-06 20:41:29,365 :INFO :LogFeature.LogRecord :Mobile number entered in login box
2020-09-06 20:41:29,365 :INFO :LogFeature.LogRecord :Mobile number entered in login box
2020-09-06 20:41:30,108 :INFO :LogFeature.LogRecord :Clicked on Continue button
2020-09-06 20:41:30,108 :INFO :LogFeature.LogRecord :Clicked on Continue button
2020-09-06 20:41:34,704 :INFO :LogFeature.LogRecord :Show password check box unselected
2020-09-06 20:41:34,704 :INFO :LogFeature.LogRecord :Show password check box unselected
2020-09-06 20:41:35,931 :INFO :LogFeature.LogRecord :Password entered in password box
2020-09-06 20:41:35,931 :INFO :LogFeature.LogRecord :Password entered in password box
2020-09-06 20:41:36,667 :INFO :LogFeature.LogRecord :Clicked on Login button
2020-09-06 20:41:36,667 :INFO :LogFeature.LogRecord :Clicked on Login button
2020-09-06 20:41:48,896 :INFO :LogFeature.LogRecord :Clicked in serach box
2020-09-06 20:41:48,896 :INFO :LogFeature.LogRecord :Clicked in serach box
2020-09-06 20:41:51,319 :INFO :LogFeature.LogRecord :Entering product name[65-inch TV] in search box which we want to purchase
2020-09-06 20:41:51,319 :INFO :LogFeature.LogRecord :Entering product name[65-inch TV] in search box which we want to purchase
2020-09-06 20:41:52,511 :INFO :LogFeature.LogRecord :Below are the auto suggestive options
2020-09-06 20:41:52,511 :INFO :LogFeature.LogRecord :Below are the auto suggestive options
2020-09-06 20:41:52,884 :INFO :LogFeature.LogRecord :65-inch tv
2020-09-06 20:41:52,884 :INFO :LogFeature.LogRecord :65-inch tv
2020-09-06 20:41:52,911 :INFO :LogFeature.LogRecord :65-inch tv oled
2020-09-06 20:41:52,911 :INFO :LogFeature.LogRecord :65-inch tv oled
2020-09-06 20:41:52,941 :INFO :LogFeature.LogRecord :65-inch tv nokia
2020-09-06 20:41:52,941 :INFO :LogFeature.LogRecord :65-inch tv nokia
2020-09-06 20:41:52,966 :INFO :LogFeature.LogRecord :65-inch tv lg
2020-09-06 20:41:52,966 :INFO :LogFeature.LogRecord :65-inch tv lg
2020-09-06 20:41:52,991 :INFO :LogFeature.LogRecord :65-inch tv samsung
2020-09-06 20:41:52,991 :INFO :LogFeature.LogRecord :65-inch tv samsung
2020-09-06 20:41:53,794 :INFO :LogFeature.LogRecord :Selecting third suggested option
2020-09-06 20:41:53,794 :INFO :LogFeature.LogRecord :Selecting third suggested option
2020-09-06 20:41:57,319 :INFO :LogFeature.LogRecord :Selecting second TV product
2020-09-06 20:41:57,319 :INFO :LogFeature.LogRecord :Selecting second TV product
2020-09-06 20:42:17,644 :INFO :LogFeature.LogRecord :scrolling down for selecting by button
2020-09-06 20:42:17,644 :INFO :LogFeature.LogRecord :scrolling down for selecting by button
2020-09-06 20:42:18,705 :INFO :LogFeature.LogRecord :Clicked on By Now button
2020-09-06 20:42:18,705 :INFO :LogFeature.LogRecord :Clicked on By Now button
2020-09-06 20:42:27,281 :INFO :LogFeature.LogRecord :Redirected to Delivery options page
2020-09-06 20:42:27,281 :INFO :LogFeature.LogRecord :Redirected to Delivery options page
2020-09-06 20:42:28,081 :INFO :LogFeature.LogRecord : heading on Delivery options page was validated
2020-09-06 20:42:28,081 :INFO :LogFeature.LogRecord : heading on Delivery options page was validated
2020-09-06 20:42:28,081 :INFO :LogFeature.LogRecord :Choose your delivery options
2020-09-06 20:42:28,081 :INFO :LogFeature.LogRecord :Choose your delivery options
2020-09-06 20:42:28,572 :INFO :LogFeature.LogRecord :Continue button on Delivery options page was validated
2020-09-06 20:42:28,572 :INFO :LogFeature.LogRecord :Continue button on Delivery options page was validated
2020-09-06 20:42:28,572 :INFO :LogFeature.LogRecord :Continue
2020-09-06 20:42:28,572 :INFO :LogFeature.LogRecord :Continue
2020-09-06 20:43:17,615 :INFO :LogFeature.LogRecord :Clicked on sign in button
2020-09-06 20:43:24,153 :INFO :LogFeature.LogRecord :Mobile number entered in login box
2020-09-06 20:43:24,915 :INFO :LogFeature.LogRecord :Clicked on Continue button
2020-09-06 20:43:28,840 :INFO :LogFeature.LogRecord :Show password check box unselected
2020-09-06 20:43:30,342 :INFO :LogFeature.LogRecord :Password entered in password box
2020-09-06 20:43:31,028 :INFO :LogFeature.LogRecord :Clicked on Login button
2020-09-06 20:43:44,804 :INFO :LogFeature.LogRecord :clicked on Burger icon
2020-09-06 20:43:50,436 :INFO :LogFeature.LogRecord :Settings section selected from Menu
2020-09-06 20:43:54,533 :INFO :LogFeature.LogRecord :Clicked on SignOut button
2020-09-06 20:43:54,653 :INFO :LogFeature.LogRecord :SIGN OUT from Confirm Sign Out pop up
2020-09-06 20:44:00,062 :INFO :LogFeature.LogRecord :Redirected to Sign Up page
2020-09-06 20:44:00,126 :INFO :LogFeature.LogRecord :Clicked on sign in button
2020-09-06 20:44:00,126 :INFO :LogFeature.LogRecord :Clicked on sign in button
2020-09-06 20:44:03,874 :INFO :LogFeature.LogRecord :Mobile number entered in login box
2020-09-06 20:44:03,874 :INFO :LogFeature.LogRecord :Mobile number entered in login box
2020-09-06 20:44:04,794 :INFO :LogFeature.LogRecord :Clicked on Continue button
2020-09-06 20:44:04,794 :INFO :LogFeature.LogRecord :Clicked on Continue button
2020-09-06 20:44:08,843 :INFO :LogFeature.LogRecord :Show password check box unselected
2020-09-06 20:44:08,843 :INFO :LogFeature.LogRecord :Show password check box unselected
2020-09-06 20:44:10,185 :INFO :LogFeature.LogRecord :Password entered in password box
2020-09-06 20:44:10,185 :INFO :LogFeature.LogRecord :Password entered in password box
2020-09-06 20:44:10,890 :INFO :LogFeature.LogRecord :Clicked on Login button
2020-09-06 20:44:10,890 :INFO :LogFeature.LogRecord :Clicked on Login button
2020-09-06 20:44:22,843 :INFO :LogFeature.LogRecord :Clicked in serach box
2020-09-06 20:44:22,843 :INFO :LogFeature.LogRecord :Clicked in serach box
2020-09-06 20:44:25,253 :INFO :LogFeature.LogRecord :Entering product name[65-inch TV] in search box which we want to purchase
2020-09-06 20:44:25,253 :INFO :LogFeature.LogRecord :Entering product name[65-inch TV] in search box which we want to purchase
2020-09-06 20:44:26,904 :INFO :LogFeature.LogRecord :Below are the auto suggestive options
2020-09-06 20:44:26,904 :INFO :LogFeature.LogRecord :Below are the auto suggestive options
2020-09-06 20:44:26,925 :INFO :LogFeature.LogRecord :65-inch tv
2020-09-06 20:44:26,925 :INFO :LogFeature.LogRecord :65-inch tv
2020-09-06 20:44:26,946 :INFO :LogFeature.LogRecord :65-inch tv oled
2020-09-06 20:44:26,946 :INFO :LogFeature.LogRecord :65-inch tv oled
2020-09-06 20:44:26,968 :INFO :LogFeature.LogRecord :65-inch tv nokia
2020-09-06 20:44:26,968 :INFO :LogFeature.LogRecord :65-inch tv nokia
2020-09-06 20:44:26,993 :INFO :LogFeature.LogRecord :65-inch tv lg
2020-09-06 20:44:26,993 :INFO :LogFeature.LogRecord :65-inch tv lg
2020-09-06 20:44:27,023 :INFO :LogFeature.LogRecord :65-inch tv samsung
2020-09-06 20:44:27,023 :INFO :LogFeature.LogRecord :65-inch tv samsung
2020-09-06 20:44:29,605 :INFO :LogFeature.LogRecord :Selecting third suggested option
2020-09-06 20:44:29,605 :INFO :LogFeature.LogRecord :Selecting third suggested option
2020-09-06 20:44:30,522 :INFO :LogFeature.LogRecord :Selecting second TV product
2020-09-06 20:44:30,522 :INFO :LogFeature.LogRecord :Selecting second TV product
2020-09-06 20:44:49,840 :INFO :LogFeature.LogRecord :scrolling down for selecting by button
2020-09-06 20:44:49,840 :INFO :LogFeature.LogRecord :scrolling down for selecting by button
2020-09-06 20:44:50,811 :INFO :LogFeature.LogRecord :Clicked on By Now button
2020-09-06 20:44:50,811 :INFO :LogFeature.LogRecord :Clicked on By Now button
2020-09-06 20:45:00,638 :INFO :LogFeature.LogRecord :Redirected to Delivery options page
2020-09-06 20:45:00,638 :INFO :LogFeature.LogRecord :Redirected to Delivery options page
2020-09-06 20:45:01,503 :INFO :LogFeature.LogRecord : heading on Delivery options page was validated
2020-09-06 20:45:01,503 :INFO :LogFeature.LogRecord : heading on Delivery options page was validated
2020-09-06 20:45:01,503 :INFO :LogFeature.LogRecord :Choose your delivery options
2020-09-06 20:45:01,503 :INFO :LogFeature.LogRecord :Choose your delivery options
2020-09-06 20:45:01,924 :INFO :LogFeature.LogRecord :Continue button on Delivery options page was validated
2020-09-06 20:45:01,924 :INFO :LogFeature.LogRecord :Continue button on Delivery options page was validated
2020-09-06 20:45:01,924 :INFO :LogFeature.LogRecord :Continue
2020-09-06 20:45:01,924 :INFO :LogFeature.LogRecord :Continue
